[debug] [2018-10-19T06:21:51.734Z] ----------------------------------------------------------------------
[debug] [2018-10-19T06:21:51.752Z] Command:       C:\Program Files\nodejs\node.exe C:\Users\Gato\AppData\Roaming\npm\node_modules\firebase-tools\bin\firebase deploy
[debug] [2018-10-19T06:21:51.753Z] CLI Version:   5.1.1
[debug] [2018-10-19T06:21:51.753Z] Platform:      win32
[debug] [2018-10-19T06:21:51.753Z] Node Version:  v8.11.3
[debug] [2018-10-19T06:21:51.758Z] Time:          Fri Oct 19 2018 01:21:51 GMT-0500 (Hora de verano central (México))
[debug] [2018-10-19T06:21:51.759Z] ----------------------------------------------------------------------
[debug] 
[debug] [2018-10-19T06:21:51.947Z] > command requires scopes: ["email","openid","https://www.googleapis.com/auth/cloudplatformprojects.readonly","https://www.googleapis.com/auth/firebase","https://www.googleapis.com/auth/cloud-platform"]
[debug] [2018-10-19T06:21:51.949Z] > authorizing via signed-in user
[debug] [2018-10-19T06:21:51.950Z] [iam] checking project burger-queen-ng for permissions ["cloudfunctions.functions.create","cloudfunctions.functions.delete","cloudfunctions.functions.get","cloudfunctions.functions.list","cloudfunctions.functions.update","cloudfunctions.operations.get","firebase.projects.get","firebasedatabase.instances.update","firebasehosting.sites.update"]
[debug] [2018-10-19T06:21:51.970Z] >>> HTTP REQUEST POST https://cloudresourcemanager.googleapis.com/v1/projects/burger-queen-ng:testIamPermissions  

[debug] [2018-10-19T06:21:52.946Z] <<< HTTP RESPONSE 200
[debug] [2018-10-19T06:21:52.951Z] >>> HTTP REQUEST GET https://firebase.googleapis.com/v1beta1/projects/burger-queen-ng  
 
[debug] [2018-10-19T06:21:53.408Z] <<< HTTP RESPONSE 200
[info] 
[info] === Deploying to 'burger-queen-ng'...
[info] 
[info] i  deploying database, functions, hosting
[debug] [2018-10-19T06:21:53.820Z] TypeError: Path must be a string. Received undefined
    at assertPath (path.js:28:11)
    at Object.join (path.js:489:7)
    at Config.path (C:\Users\Gato\AppData\Roaming\npm\node_modules\firebase-tools\lib\config.js:166:37)
    at C:\Users\Gato\AppData\Roaming\npm\node_modules\firebase-tools\lib\deploy\lifecycleHooks.js:68:38
    at _chain (C:\Users\Gato\AppData\Roaming\npm\node_modules\firebase-tools\lib\deploy\index.js:26:38)
    at C:\Users\Gato\AppData\Roaming\npm\node_modules\firebase-tools\lib\deploy\index.js:29:14
    at <anonymous>
    at process._tickDomainCallback (internal/process/next_tick.js:228:7)
[error] 
[error] Error: An unexpected error has occurred.
[debug] [2018-10-19T06:29:41.297Z] ----------------------------------------------------------------------
[debug] [2018-10-19T06:29:41.313Z] Command:       C:\Program Files\nodejs\node.exe C:\Users\Gato\AppData\Roaming\npm\node_modules\firebase-tools\bin\firebase deploy
[debug] [2018-10-19T06:29:41.313Z] CLI Version:   5.1.1
[debug] [2018-10-19T06:29:41.313Z] Platform:      win32
[debug] [2018-10-19T06:29:41.313Z] Node Version:  v8.11.3
[debug] [2018-10-19T06:29:41.344Z] Time:          Fri Oct 19 2018 01:29:41 GMT-0500 (Hora de verano central (México))
[debug] [2018-10-19T06:29:41.344Z] ----------------------------------------------------------------------
[debug] 
[debug] [2018-10-19T06:29:41.465Z] > command requires scopes: ["email","openid","https://www.googleapis.com/auth/cloudplatformprojects.readonly","https://www.googleapis.com/auth/firebase","https://www.googleapis.com/auth/cloud-platform"]
[debug] [2018-10-19T06:29:41.465Z] > authorizing via signed-in user
[debug] [2018-10-19T06:29:41.465Z] [iam] checking project burger-queen-ng for permissions ["cloudfunctions.functions.create","cloudfunctions.functions.delete","cloudfunctions.functions.get","cloudfunctions.functions.list","cloudfunctions.functions.update","cloudfunctions.operations.get","firebase.projects.get","firebasedatabase.instances.update","firebasehosting.sites.update"]
[debug] [2018-10-19T06:29:41.465Z] >>> HTTP REQUEST POST https://cloudresourcemanager.googleapis.com/v1/projects/burger-queen-ng:testIamPermissions  

[debug] [2018-10-19T06:29:42.395Z] <<< HTTP RESPONSE 200
[debug] [2018-10-19T06:29:42.403Z] >>> HTTP REQUEST GET https://firebase.googleapis.com/v1beta1/projects/burger-queen-ng  
 
[debug] [2018-10-19T06:29:42.762Z] <<< HTTP RESPONSE 200
[info] 
[info] === Deploying to 'burger-queen-ng'...
[info] 
[info] i  deploying database, functions, hosting
[debug] [2018-10-19T06:29:43.072Z] TypeError: Path must be a string. Received undefined
    at assertPath (path.js:28:11)
    at Object.join (path.js:489:7)
    at Config.path (C:\Users\Gato\AppData\Roaming\npm\node_modules\firebase-tools\lib\config.js:166:37)
    at C:\Users\Gato\AppData\Roaming\npm\node_modules\firebase-tools\lib\deploy\lifecycleHooks.js:68:38
    at _chain (C:\Users\Gato\AppData\Roaming\npm\node_modules\firebase-tools\lib\deploy\index.js:26:38)
    at C:\Users\Gato\AppData\Roaming\npm\node_modules\firebase-tools\lib\deploy\index.js:29:14
    at <anonymous>
    at process._tickDomainCallback (internal/process/next_tick.js:228:7)
[error] 
[error] Error: An unexpected error has occurred.
[debug] [2018-10-19T06:30:30.786Z] ----------------------------------------------------------------------
[debug] [2018-10-19T06:30:30.802Z] Command:       C:\Program Files\nodejs\node.exe C:\Users\Gato\AppData\Roaming\npm\node_modules\firebase-tools\bin\firebase deploy
[debug] [2018-10-19T06:30:30.802Z] CLI Version:   5.1.1
[debug] [2018-10-19T06:30:30.802Z] Platform:      win32
[debug] [2018-10-19T06:30:30.802Z] Node Version:  v8.11.3
[debug] [2018-10-19T06:30:30.802Z] Time:          Fri Oct 19 2018 01:30:30 GMT-0500 (Hora de verano central (México))
[debug] [2018-10-19T06:30:30.802Z] ----------------------------------------------------------------------
[debug] 
[debug] [2018-10-19T06:30:30.860Z] > command requires scopes: ["email","openid","https://www.googleapis.com/auth/cloudplatformprojects.readonly","https://www.googleapis.com/auth/firebase","https://www.googleapis.com/auth/cloud-platform"]
[debug] [2018-10-19T06:30:30.862Z] > authorizing via signed-in user
[debug] [2018-10-19T06:30:30.862Z] [iam] checking project burger-queen-ng for permissions ["cloudfunctions.functions.create","cloudfunctions.functions.delete","cloudfunctions.functions.get","cloudfunctions.functions.list","cloudfunctions.functions.update","cloudfunctions.operations.get","firebase.projects.get","firebasedatabase.instances.update","firebasehosting.sites.update"]
[debug] [2018-10-19T06:30:30.871Z] >>> HTTP REQUEST POST https://cloudresourcemanager.googleapis.com/v1/projects/burger-queen-ng:testIamPermissions  

[debug] [2018-10-19T06:30:31.546Z] <<< HTTP RESPONSE 200
[debug] [2018-10-19T06:30:31.546Z] >>> HTTP REQUEST GET https://firebase.googleapis.com/v1beta1/projects/burger-queen-ng  
 
[debug] [2018-10-19T06:30:31.900Z] <<< HTTP RESPONSE 200
[info] 
[info] === Deploying to 'burger-queen-ng'...
[info] 
[info] i  deploying database, functions, hosting
[debug] [2018-10-19T06:30:32.235Z] TypeError: Path must be a string. Received undefined
    at assertPath (path.js:28:11)
    at Object.join (path.js:489:7)
    at Config.path (C:\Users\Gato\AppData\Roaming\npm\node_modules\firebase-tools\lib\config.js:166:37)
    at C:\Users\Gato\AppData\Roaming\npm\node_modules\firebase-tools\lib\deploy\lifecycleHooks.js:68:38
    at _chain (C:\Users\Gato\AppData\Roaming\npm\node_modules\firebase-tools\lib\deploy\index.js:26:38)
    at C:\Users\Gato\AppData\Roaming\npm\node_modules\firebase-tools\lib\deploy\index.js:29:14
    at <anonymous>
    at process._tickDomainCallback (internal/process/next_tick.js:228:7)
[error] 
[error] Error: An unexpected error has occurred.
[debug] [2018-10-19T06:34:45.283Z] ----------------------------------------------------------------------
[debug] [2018-10-19T06:34:45.299Z] Command:       C:\Program Files\nodejs\node.exe C:\Users\Gato\AppData\Roaming\npm\node_modules\firebase-tools\bin\firebase deploy
[debug] [2018-10-19T06:34:45.299Z] CLI Version:   5.1.1
[debug] [2018-10-19T06:34:45.299Z] Platform:      win32
[debug] [2018-10-19T06:34:45.299Z] Node Version:  v8.11.3
[debug] [2018-10-19T06:34:45.377Z] Time:          Fri Oct 19 2018 01:34:45 GMT-0500 (Hora de verano central (México))
[debug] [2018-10-19T06:34:45.377Z] ----------------------------------------------------------------------
[debug] 
[debug] [2018-10-19T06:34:45.467Z] > command requires scopes: ["email","openid","https://www.googleapis.com/auth/cloudplatformprojects.readonly","https://www.googleapis.com/auth/firebase","https://www.googleapis.com/auth/cloud-platform"]
[debug] [2018-10-19T06:34:45.471Z] > authorizing via signed-in user
[debug] [2018-10-19T06:34:45.472Z] [iam] checking project burger-queen-ng for permissions ["cloudfunctions.functions.create","cloudfunctions.functions.delete","cloudfunctions.functions.get","cloudfunctions.functions.list","cloudfunctions.functions.update","cloudfunctions.operations.get","firebase.projects.get","firebasedatabase.instances.update","firebasehosting.sites.update"]
[debug] [2018-10-19T06:34:45.478Z] > refreshing access token with scopes: ["email","https://www.googleapis.com/auth/cloud-platform","https://www.googleapis.com/auth/cloudplatformprojects.readonly","https://www.googleapis.com/auth/firebase","openid"]
[debug] [2018-10-19T06:34:45.479Z] >>> HTTP REQUEST POST https://www.googleapis.com/oauth2/v3/token  
 <request body omitted>
[debug] [2018-10-19T06:34:46.196Z] <<< HTTP RESPONSE 200
[debug] [2018-10-19T06:34:46.261Z] >>> HTTP REQUEST POST https://cloudresourcemanager.googleapis.com/v1/projects/burger-queen-ng:testIamPermissions  

[debug] [2018-10-19T06:34:46.799Z] <<< HTTP RESPONSE 200
[debug] [2018-10-19T06:34:46.799Z] >>> HTTP REQUEST GET https://firebase.googleapis.com/v1beta1/projects/burger-queen-ng  
 
[debug] [2018-10-19T06:34:47.118Z] <<< HTTP RESPONSE 200
[info] 
[info] === Deploying to 'burger-queen-ng'...
[info] 
[info] i  deploying database, functions, hosting
[debug] [2018-10-19T06:34:47.436Z] TypeError: Path must be a string. Received undefined
    at assertPath (path.js:28:11)
    at Object.join (path.js:489:7)
    at Config.path (C:\Users\Gato\AppData\Roaming\npm\node_modules\firebase-tools\lib\config.js:166:37)
    at C:\Users\Gato\AppData\Roaming\npm\node_modules\firebase-tools\lib\deploy\lifecycleHooks.js:68:38
    at _chain (C:\Users\Gato\AppData\Roaming\npm\node_modules\firebase-tools\lib\deploy\index.js:26:38)
    at C:\Users\Gato\AppData\Roaming\npm\node_modules\firebase-tools\lib\deploy\index.js:29:14
    at <anonymous>
    at process._tickDomainCallback (internal/process/next_tick.js:228:7)
[error] 
[error] Error: An unexpected error has occurred.
